23:44:52 **** Incremental Build of configuration Debug for project TP_2 ****
make all 
Building file: ../src/ConfederacionABM.c
Invoking: GCC C Compiler
gcc -O0 -g3 -Wall -c -fmessage-length=0 -MMD -MP -MF"src/ConfederacionABM.d" -MT"src/ConfederacionABM.o" -o "src/ConfederacionABM.o" "../src/ConfederacionABM.c"
Finished building: ../src/ConfederacionABM.c
 
Building file: ../src/Informes.c
Invoking: GCC C Compiler
gcc -O0 -g3 -Wall -c -fmessage-length=0 -MMD -MP -MF"src/Informes.d" -MT"src/Informes.o" -o "src/Informes.o" "../src/Informes.c"
Finished building: ../src/Informes.c
 
Building file: ../src/JugadorABM.c
Invoking: GCC C Compiler
gcc -O0 -g3 -Wall -c -fmessage-length=0 -MMD -MP -MF"src/JugadorABM.d" -MT"src/JugadorABM.o" -o "src/JugadorABM.o" "../src/JugadorABM.c"
Finished building: ../src/JugadorABM.c
 
Building file: ../src/TP_2.c
Invoking: GCC C Compiler
gcc -O0 -g3 -Wall -c -fmessage-length=0 -MMD -MP -MF"src/TP_2.d" -MT"src/TP_2.o" -o "src/TP_2.o" "../src/TP_2.c"
Finished building: ../src/TP_2.c
 
Building file: ../src/utn.c
Invoking: GCC C Compiler
gcc -O0 -g3 -Wall -c -fmessage-length=0 -MMD -MP -MF"src/utn.d" -MT"src/utn.o" -o "src/utn.o" "../src/utn.c"
Finished building: ../src/utn.c
 
Building target: TP_2
Invoking: GCC C Linker
gcc  -o "TP_2" ./src/ConfederacionABM.o ./src/Informes.o ./src/JugadorABM.o ./src/TP_2.o ./src/utn.o   
Finished building target: TP_2
 
